<testsuites id="" name="" tests="85" failures="0" skipped="2" errors="0" time="167.14413000000002">
<testsuite name="auth/login-mock.spec.ts" timestamp="2025-10-30T21:26:08.397Z" hostname="chromium" tests="1" failures="0" skipped="0" time="4.357" errors="0">
<testcase name="Login (mocked) and account access › shows account page for authenticated user via storage state" classname="auth/login-mock.spec.ts" time="4.357">
</testcase>
</testsuite>
<testsuite name="auth/logout.spec.ts" timestamp="2025-10-30T21:26:08.397Z" hostname="chromium" tests="1" failures="0" skipped="0" time="7.775" errors="0">
<testcase name="Logout flow › logs out and redirects to home with navbar unauthenticated" classname="auth/logout.spec.ts" time="7.775">
</testcase>
</testsuite>
<testsuite name="auth/protected-route.spec.ts" timestamp="2025-10-30T21:26:08.397Z" hostname="chromium" tests="1" failures="0" skipped="0" time="5.734" errors="0">
<testcase name="Protected route access control › redirects unauthenticated visitor from account to login" classname="auth/protected-route.spec.ts" time="5.734">
</testcase>
</testsuite>
<testsuite name="authentication/auth-elements.spec.ts" timestamp="2025-10-30T21:26:08.397Z" hostname="chromium" tests="3" failures="0" skipped="0" time="10.916" errors="0">
<testcase name="Authentication Tests › should show login form elements" classname="authentication/auth-elements.spec.ts" time="4.967">
</testcase>
<testcase name="Authentication Tests › should show register form elements" classname="authentication/auth-elements.spec.ts" time="4.197">
</testcase>
<testcase name="Authentication Tests › should show Google Auth button" classname="authentication/auth-elements.spec.ts" time="1.752">
</testcase>
</testsuite>
<testsuite name="forms/form-validation.spec.ts" timestamp="2025-10-30T21:26:08.397Z" hostname="chromium" tests="3" failures="0" skipped="0" time="11.724" errors="0">
<testcase name="Form Validation Tests › should handle form validation on login page" classname="forms/form-validation.spec.ts" time="3.941">
</testcase>
<testcase name="Form Validation Tests › should handle form validation on register page" classname="forms/form-validation.spec.ts" time="4.368">
</testcase>
<testcase name="Form Validation Tests › should show password visibility toggle" classname="forms/form-validation.spec.ts" time="3.415">
</testcase>
</testsuite>
<testsuite name="navigation/navigation.spec.ts" timestamp="2025-10-30T21:26:08.397Z" hostname="chromium" tests="6" failures="0" skipped="0" time="19.822" errors="0">
<testcase name="Navigation Tests › should load home page with correct content" classname="navigation/navigation.spec.ts" time="1.432">
</testcase>
<testcase name="Navigation Tests › should navigate to login page" classname="navigation/navigation.spec.ts" time="2.074">
</testcase>
<testcase name="Navigation Tests › should navigate to register page" classname="navigation/navigation.spec.ts" time="2.473">
</testcase>
<testcase name="Navigation Tests › should show navbar with correct elements" classname="navigation/navigation.spec.ts" time="1.918">
</testcase>
<testcase name="Navigation Tests › should handle navigation between pages" classname="navigation/navigation.spec.ts" time="7.756">
</testcase>
<testcase name="Navigation Tests › should show responsive mobile menu" classname="navigation/navigation.spec.ts" time="4.169">
</testcase>
</testsuite>
<testsuite name="search/card-navigation-not-found.spec.ts" timestamp="2025-10-30T21:26:08.397Z" hostname="chromium" tests="1" failures="0" skipped="0" time="8.636" errors="0">
<testcase name="Search/Recommendation card navigation › clicking a music card navigates to /songs/:id and shows not-found" classname="search/card-navigation-not-found.spec.ts" time="8.636">
</testcase>
</testsuite>
<testsuite name="setup/wizard.spec.ts" timestamp="2025-10-30T21:26:08.397Z" hostname="chromium" tests="1" failures="0" skipped="0" time="8.115" errors="0">
<testcase name="Setup Wizard › completes steps 1-4 with API stubs" classname="setup/wizard.spec.ts" time="8.115">
</testcase>
</testsuite>
<testsuite name="auth/login-mock.spec.ts" timestamp="2025-10-30T21:26:08.397Z" hostname="firefox" tests="1" failures="0" skipped="0" time="5.12" errors="0">
<testcase name="Login (mocked) and account access › shows account page for authenticated user via storage state" classname="auth/login-mock.spec.ts" time="5.12">
</testcase>
</testsuite>
<testsuite name="auth/logout.spec.ts" timestamp="2025-10-30T21:26:08.397Z" hostname="firefox" tests="1" failures="0" skipped="0" time="14.874" errors="0">
<testcase name="Logout flow › logs out and redirects to home with navbar unauthenticated" classname="auth/logout.spec.ts" time="14.874">
</testcase>
</testsuite>
<testsuite name="auth/protected-route.spec.ts" timestamp="2025-10-30T21:26:08.397Z" hostname="firefox" tests="1" failures="0" skipped="0" time="16.57" errors="0">
<testcase name="Protected route access control › redirects unauthenticated visitor from account to login" classname="auth/protected-route.spec.ts" time="16.57">
</testcase>
</testsuite>
<testsuite name="authentication/auth-elements.spec.ts" timestamp="2025-10-30T21:26:08.397Z" hostname="firefox" tests="3" failures="0" skipped="0" time="32.908" errors="0">
<testcase name="Authentication Tests › should show login form elements" classname="authentication/auth-elements.spec.ts" time="14.267">
</testcase>
<testcase name="Authentication Tests › should show register form elements" classname="authentication/auth-elements.spec.ts" time="6.671">
</testcase>
<testcase name="Authentication Tests › should show Google Auth button" classname="authentication/auth-elements.spec.ts" time="11.97">
</testcase>
</testsuite>
<testsuite name="forms/form-validation.spec.ts" timestamp="2025-10-30T21:26:08.397Z" hostname="firefox" tests="3" failures="0" skipped="0" time="40.92" errors="0">
<testcase name="Form Validation Tests › should handle form validation on login page" classname="forms/form-validation.spec.ts" time="11.346">
</testcase>
<testcase name="Form Validation Tests › should handle form validation on register page" classname="forms/form-validation.spec.ts" time="15.845">
</testcase>
<testcase name="Form Validation Tests › should show password visibility toggle" classname="forms/form-validation.spec.ts" time="13.729">
</testcase>
</testsuite>
<testsuite name="navigation/navigation.spec.ts" timestamp="2025-10-30T21:26:08.397Z" hostname="firefox" tests="6" failures="0" skipped="0" time="78.201" errors="0">
<testcase name="Navigation Tests › should load home page with correct content" classname="navigation/navigation.spec.ts" time="8.017">
</testcase>
<testcase name="Navigation Tests › should navigate to login page" classname="navigation/navigation.spec.ts" time="8.012">
</testcase>
<testcase name="Navigation Tests › should navigate to register page" classname="navigation/navigation.spec.ts" time="8.007">
</testcase>
<testcase name="Navigation Tests › should show navbar with correct elements" classname="navigation/navigation.spec.ts" time="8.398">
</testcase>
<testcase name="Navigation Tests › should handle navigation between pages" classname="navigation/navigation.spec.ts" time="25.705">
</testcase>
<testcase name="Navigation Tests › should show responsive mobile menu" classname="navigation/navigation.spec.ts" time="20.062">
</testcase>
</testsuite>
<testsuite name="search/card-navigation-not-found.spec.ts" timestamp="2025-10-30T21:26:08.397Z" hostname="firefox" tests="1" failures="0" skipped="0" time="22.02" errors="0">
<testcase name="Search/Recommendation card navigation › clicking a music card navigates to /songs/:id and shows not-found" classname="search/card-navigation-not-found.spec.ts" time="22.02">
</testcase>
</testsuite>
<testsuite name="setup/wizard.spec.ts" timestamp="2025-10-30T21:26:08.397Z" hostname="firefox" tests="1" failures="0" skipped="0" time="21.512" errors="0">
<testcase name="Setup Wizard › completes steps 1-4 with API stubs" classname="setup/wizard.spec.ts" time="21.512">
</testcase>
</testsuite>
<testsuite name="auth/login-mock.spec.ts" timestamp="2025-10-30T21:26:08.397Z" hostname="webkit" tests="1" failures="0" skipped="0" time="2.951" errors="0">
<testcase name="Login (mocked) and account access › shows account page for authenticated user via storage state" classname="auth/login-mock.spec.ts" time="2.951">
</testcase>
</testsuite>
<testsuite name="auth/logout.spec.ts" timestamp="2025-10-30T21:26:08.397Z" hostname="webkit" tests="1" failures="0" skipped="0" time="11.137" errors="0">
<testcase name="Logout flow › logs out and redirects to home with navbar unauthenticated" classname="auth/logout.spec.ts" time="11.137">
</testcase>
</testsuite>
<testsuite name="auth/protected-route.spec.ts" timestamp="2025-10-30T21:26:08.397Z" hostname="webkit" tests="1" failures="0" skipped="0" time="8.853" errors="0">
<testcase name="Protected route access control › redirects unauthenticated visitor from account to login" classname="auth/protected-route.spec.ts" time="8.853">
</testcase>
</testsuite>
<testsuite name="authentication/auth-elements.spec.ts" timestamp="2025-10-30T21:26:08.397Z" hostname="webkit" tests="3" failures="0" skipped="0" time="21.565" errors="0">
<testcase name="Authentication Tests › should show login form elements" classname="authentication/auth-elements.spec.ts" time="7.886">
</testcase>
<testcase name="Authentication Tests › should show register form elements" classname="authentication/auth-elements.spec.ts" time="8.82">
</testcase>
<testcase name="Authentication Tests › should show Google Auth button" classname="authentication/auth-elements.spec.ts" time="4.859">
</testcase>
</testsuite>
<testsuite name="forms/form-validation.spec.ts" timestamp="2025-10-30T21:26:08.397Z" hostname="webkit" tests="3" failures="0" skipped="0" time="19.419" errors="0">
<testcase name="Form Validation Tests › should handle form validation on login page" classname="forms/form-validation.spec.ts" time="6.595">
</testcase>
<testcase name="Form Validation Tests › should handle form validation on register page" classname="forms/form-validation.spec.ts" time="6.74">
</testcase>
<testcase name="Form Validation Tests › should show password visibility toggle" classname="forms/form-validation.spec.ts" time="6.084">
</testcase>
</testsuite>
<testsuite name="navigation/navigation.spec.ts" timestamp="2025-10-30T21:26:08.397Z" hostname="webkit" tests="6" failures="0" skipped="0" time="40.651" errors="0">
<testcase name="Navigation Tests › should load home page with correct content" classname="navigation/navigation.spec.ts" time="2.466">
</testcase>
<testcase name="Navigation Tests › should navigate to login page" classname="navigation/navigation.spec.ts" time="3.57">
</testcase>
<testcase name="Navigation Tests › should navigate to register page" classname="navigation/navigation.spec.ts" time="8.507">
</testcase>
<testcase name="Navigation Tests › should show navbar with correct elements" classname="navigation/navigation.spec.ts" time="6.836">
</testcase>
<testcase name="Navigation Tests › should handle navigation between pages" classname="navigation/navigation.spec.ts" time="11.219">
</testcase>
<testcase name="Navigation Tests › should show responsive mobile menu" classname="navigation/navigation.spec.ts" time="8.053">
</testcase>
</testsuite>
<testsuite name="search/card-navigation-not-found.spec.ts" timestamp="2025-10-30T21:26:08.397Z" hostname="webkit" tests="1" failures="0" skipped="0" time="6.814" errors="0">
<testcase name="Search/Recommendation card navigation › clicking a music card navigates to /songs/:id and shows not-found" classname="search/card-navigation-not-found.spec.ts" time="6.814">
</testcase>
</testsuite>
<testsuite name="setup/wizard.spec.ts" timestamp="2025-10-30T21:26:08.397Z" hostname="webkit" tests="1" failures="0" skipped="1" time="0.002" errors="0">
<testcase name="Setup Wizard › completes steps 1-4 with API stubs" classname="setup/wizard.spec.ts" time="0.002">
<properties>
<property name="skip" value="Skipping on WebKit pending stabilization of setup redirects">
</property>
</properties>
<skipped>
</skipped>
</testcase>
</testsuite>
<testsuite name="auth/login-mock.spec.ts" timestamp="2025-10-30T21:26:08.397Z" hostname="Mobile Chrome" tests="1" failures="0" skipped="0" time="1.989" errors="0">
<testcase name="Login (mocked) and account access › shows account page for authenticated user via storage state" classname="auth/login-mock.spec.ts" time="1.989">
</testcase>
</testsuite>
<testsuite name="auth/logout.spec.ts" timestamp="2025-10-30T21:26:08.397Z" hostname="Mobile Chrome" tests="1" failures="0" skipped="0" time="4.425" errors="0">
<testcase name="Logout flow › logs out and redirects to home with navbar unauthenticated" classname="auth/logout.spec.ts" time="4.425">
</testcase>
</testsuite>
<testsuite name="auth/protected-route.spec.ts" timestamp="2025-10-30T21:26:08.397Z" hostname="Mobile Chrome" tests="1" failures="0" skipped="0" time="2.399" errors="0">
<testcase name="Protected route access control › redirects unauthenticated visitor from account to login" classname="auth/protected-route.spec.ts" time="2.399">
</testcase>
</testsuite>
<testsuite name="authentication/auth-elements.spec.ts" timestamp="2025-10-30T21:26:08.397Z" hostname="Mobile Chrome" tests="3" failures="0" skipped="0" time="8.532" errors="0">
<testcase name="Authentication Tests › should show login form elements" classname="authentication/auth-elements.spec.ts" time="1.684">
</testcase>
<testcase name="Authentication Tests › should show register form elements" classname="authentication/auth-elements.spec.ts" time="4.215">
</testcase>
<testcase name="Authentication Tests › should show Google Auth button" classname="authentication/auth-elements.spec.ts" time="2.633">
</testcase>
</testsuite>
<testsuite name="forms/form-validation.spec.ts" timestamp="2025-10-30T21:26:08.397Z" hostname="Mobile Chrome" tests="3" failures="0" skipped="0" time="11.832" errors="0">
<testcase name="Form Validation Tests › should handle form validation on login page" classname="forms/form-validation.spec.ts" time="2.999">
</testcase>
<testcase name="Form Validation Tests › should handle form validation on register page" classname="forms/form-validation.spec.ts" time="4.668">
</testcase>
<testcase name="Form Validation Tests › should show password visibility toggle" classname="forms/form-validation.spec.ts" time="4.165">
</testcase>
</testsuite>
<testsuite name="navigation/navigation.spec.ts" timestamp="2025-10-30T21:26:08.397Z" hostname="Mobile Chrome" tests="6" failures="0" skipped="0" time="18.291" errors="0">
<testcase name="Navigation Tests › should load home page with correct content" classname="navigation/navigation.spec.ts" time="2.611">
</testcase>
<testcase name="Navigation Tests › should navigate to login page" classname="navigation/navigation.spec.ts" time="1.927">
</testcase>
<testcase name="Navigation Tests › should navigate to register page" classname="navigation/navigation.spec.ts" time="2.054">
</testcase>
<testcase name="Navigation Tests › should show navbar with correct elements" classname="navigation/navigation.spec.ts" time="2.923">
</testcase>
<testcase name="Navigation Tests › should handle navigation between pages" classname="navigation/navigation.spec.ts" time="5.091">
</testcase>
<testcase name="Navigation Tests › should show responsive mobile menu" classname="navigation/navigation.spec.ts" time="3.685">
</testcase>
</testsuite>
<testsuite name="search/card-navigation-not-found.spec.ts" timestamp="2025-10-30T21:26:08.397Z" hostname="Mobile Chrome" tests="1" failures="0" skipped="0" time="4.387" errors="0">
<testcase name="Search/Recommendation card navigation › clicking a music card navigates to /songs/:id and shows not-found" classname="search/card-navigation-not-found.spec.ts" time="4.387">
</testcase>
</testsuite>
<testsuite name="setup/wizard.spec.ts" timestamp="2025-10-30T21:26:08.397Z" hostname="Mobile Chrome" tests="1" failures="0" skipped="0" time="3.778" errors="0">
<testcase name="Setup Wizard › completes steps 1-4 with API stubs" classname="setup/wizard.spec.ts" time="3.778">
</testcase>
</testsuite>
<testsuite name="auth/login-mock.spec.ts" timestamp="2025-10-30T21:26:08.397Z" hostname="Mobile Safari" tests="1" failures="0" skipped="0" time="0.867" errors="0">
<testcase name="Login (mocked) and account access › shows account page for authenticated user via storage state" classname="auth/login-mock.spec.ts" time="0.867">
</testcase>
</testsuite>
<testsuite name="auth/logout.spec.ts" timestamp="2025-10-30T21:26:08.397Z" hostname="Mobile Safari" tests="1" failures="0" skipped="0" time="3.109" errors="0">
<testcase name="Logout flow › logs out and redirects to home with navbar unauthenticated" classname="auth/logout.spec.ts" time="3.109">
</testcase>
</testsuite>
<testsuite name="auth/protected-route.spec.ts" timestamp="2025-10-30T21:26:08.397Z" hostname="Mobile Safari" tests="1" failures="0" skipped="0" time="3.627" errors="0">
<testcase name="Protected route access control › redirects unauthenticated visitor from account to login" classname="auth/protected-route.spec.ts" time="3.627">
</testcase>
</testsuite>
<testsuite name="authentication/auth-elements.spec.ts" timestamp="2025-10-30T21:26:08.397Z" hostname="Mobile Safari" tests="3" failures="0" skipped="0" time="5.565" errors="0">
<testcase name="Authentication Tests › should show login form elements" classname="authentication/auth-elements.spec.ts" time="2.764">
</testcase>
<testcase name="Authentication Tests › should show register form elements" classname="authentication/auth-elements.spec.ts" time="1.443">
</testcase>
<testcase name="Authentication Tests › should show Google Auth button" classname="authentication/auth-elements.spec.ts" time="1.358">
</testcase>
</testsuite>
<testsuite name="forms/form-validation.spec.ts" timestamp="2025-10-30T21:26:08.397Z" hostname="Mobile Safari" tests="3" failures="0" skipped="0" time="7.184" errors="0">
<testcase name="Form Validation Tests › should handle form validation on login page" classname="forms/form-validation.spec.ts" time="1.454">
</testcase>
<testcase name="Form Validation Tests › should handle form validation on register page" classname="forms/form-validation.spec.ts" time="2.824">
</testcase>
<testcase name="Form Validation Tests › should show password visibility toggle" classname="forms/form-validation.spec.ts" time="2.906">
</testcase>
</testsuite>
<testsuite name="navigation/navigation.spec.ts" timestamp="2025-10-30T21:26:08.397Z" hostname="Mobile Safari" tests="6" failures="0" skipped="0" time="12.501" errors="0">
<testcase name="Navigation Tests › should load home page with correct content" classname="navigation/navigation.spec.ts" time="1.371">
</testcase>
<testcase name="Navigation Tests › should navigate to login page" classname="navigation/navigation.spec.ts" time="1.072">
</testcase>
<testcase name="Navigation Tests › should navigate to register page" classname="navigation/navigation.spec.ts" time="1.765">
</testcase>
<testcase name="Navigation Tests › should show navbar with correct elements" classname="navigation/navigation.spec.ts" time="1.717">
</testcase>
<testcase name="Navigation Tests › should handle navigation between pages" classname="navigation/navigation.spec.ts" time="3.478">
</testcase>
<testcase name="Navigation Tests › should show responsive mobile menu" classname="navigation/navigation.spec.ts" time="3.098">
</testcase>
</testsuite>
<testsuite name="search/card-navigation-not-found.spec.ts" timestamp="2025-10-30T21:26:08.397Z" hostname="Mobile Safari" tests="1" failures="0" skipped="0" time="3.947" errors="0">
<testcase name="Search/Recommendation card navigation › clicking a music card navigates to /songs/:id and shows not-found" classname="search/card-navigation-not-found.spec.ts" time="3.947">
</testcase>
</testsuite>
<testsuite name="setup/wizard.spec.ts" timestamp="2025-10-30T21:26:08.397Z" hostname="Mobile Safari" tests="1" failures="0" skipped="1" time="0.001" errors="0">
<testcase name="Setup Wizard › completes steps 1-4 with API stubs" classname="setup/wizard.spec.ts" time="0.001">
<properties>
<property name="skip" value="Skipping on WebKit pending stabilization of setup redirects">
</property>
</properties>
<skipped>
</skipped>
</testcase>
</testsuite>
</testsuites>