<testsuites id="" name="" tests="85" failures="0" skipped="2" errors="0" time="60.94362400000001">
<testsuite name="auth/login-mock.spec.ts" timestamp="2025-11-02T17:02:11.437Z" hostname="chromium" tests="1" failures="0" skipped="0" time="1.391" errors="0">
<testcase name="Login (mocked) and account access › shows account page for authenticated user via storage state" classname="auth/login-mock.spec.ts" time="1.391">
</testcase>
</testsuite>
<testsuite name="auth/logout.spec.ts" timestamp="2025-11-02T17:02:11.437Z" hostname="chromium" tests="1" failures="0" skipped="0" time="3.499" errors="0">
<testcase name="Logout flow › logs out and redirects to home with navbar unauthenticated" classname="auth/logout.spec.ts" time="3.499">
</testcase>
</testsuite>
<testsuite name="auth/protected-route.spec.ts" timestamp="2025-11-02T17:02:11.437Z" hostname="chromium" tests="1" failures="0" skipped="0" time="2.391" errors="0">
<testcase name="Protected route access control › redirects unauthenticated visitor from account to login" classname="auth/protected-route.spec.ts" time="2.391">
</testcase>
</testsuite>
<testsuite name="authentication/auth-elements.spec.ts" timestamp="2025-11-02T17:02:11.437Z" hostname="chromium" tests="3" failures="0" skipped="0" time="5.057" errors="0">
<testcase name="Authentication Tests › should show login form elements" classname="authentication/auth-elements.spec.ts" time="2.193">
</testcase>
<testcase name="Authentication Tests › should show register form elements" classname="authentication/auth-elements.spec.ts" time="1.69">
</testcase>
<testcase name="Authentication Tests › should show Google Auth button" classname="authentication/auth-elements.spec.ts" time="1.174">
</testcase>
</testsuite>
<testsuite name="forms/form-validation.spec.ts" timestamp="2025-11-02T17:02:11.437Z" hostname="chromium" tests="3" failures="0" skipped="0" time="5.412" errors="0">
<testcase name="Form Validation Tests › should handle form validation on login page" classname="forms/form-validation.spec.ts" time="1.434">
</testcase>
<testcase name="Form Validation Tests › should handle form validation on register page" classname="forms/form-validation.spec.ts" time="2.023">
</testcase>
<testcase name="Form Validation Tests › should show password visibility toggle" classname="forms/form-validation.spec.ts" time="1.955">
</testcase>
</testsuite>
<testsuite name="navigation/navigation.spec.ts" timestamp="2025-11-02T17:02:11.437Z" hostname="chromium" tests="6" failures="0" skipped="0" time="8.184" errors="0">
<testcase name="Navigation Tests › should load home page with correct content" classname="navigation/navigation.spec.ts" time="1.006">
</testcase>
<testcase name="Navigation Tests › should navigate to login page" classname="navigation/navigation.spec.ts" time="1.031">
</testcase>
<testcase name="Navigation Tests › should navigate to register page" classname="navigation/navigation.spec.ts" time="0.753">
</testcase>
<testcase name="Navigation Tests › should show navbar with correct elements" classname="navigation/navigation.spec.ts" time="0.545">
</testcase>
<testcase name="Navigation Tests › should handle navigation between pages" classname="navigation/navigation.spec.ts" time="2.155">
</testcase>
<testcase name="Navigation Tests › should show responsive mobile menu" classname="navigation/navigation.spec.ts" time="2.694">
</testcase>
</testsuite>
<testsuite name="search/card-navigation-not-found.spec.ts" timestamp="2025-11-02T17:02:11.437Z" hostname="chromium" tests="1" failures="0" skipped="0" time="4.688" errors="0">
<testcase name="Search/Recommendation card navigation › clicking a music card navigates to /songs/:id and shows not-found" classname="search/card-navigation-not-found.spec.ts" time="4.688">
</testcase>
</testsuite>
<testsuite name="setup/wizard.spec.ts" timestamp="2025-11-02T17:02:11.437Z" hostname="chromium" tests="1" failures="0" skipped="0" time="4.566" errors="0">
<testcase name="Setup Wizard › completes steps 1-4 with API stubs" classname="setup/wizard.spec.ts" time="4.566">
</testcase>
</testsuite>
<testsuite name="auth/login-mock.spec.ts" timestamp="2025-11-02T17:02:11.437Z" hostname="firefox" tests="1" failures="0" skipped="0" time="1.947" errors="0">
<testcase name="Login (mocked) and account access › shows account page for authenticated user via storage state" classname="auth/login-mock.spec.ts" time="1.947">
</testcase>
</testsuite>
<testsuite name="auth/logout.spec.ts" timestamp="2025-11-02T17:02:11.437Z" hostname="firefox" tests="1" failures="0" skipped="0" time="4.305" errors="0">
<testcase name="Logout flow › logs out and redirects to home with navbar unauthenticated" classname="auth/logout.spec.ts" time="4.305">
</testcase>
</testsuite>
<testsuite name="auth/protected-route.spec.ts" timestamp="2025-11-02T17:02:11.437Z" hostname="firefox" tests="1" failures="0" skipped="0" time="5.241" errors="0">
<testcase name="Protected route access control › redirects unauthenticated visitor from account to login" classname="auth/protected-route.spec.ts" time="5.241">
</testcase>
</testsuite>
<testsuite name="authentication/auth-elements.spec.ts" timestamp="2025-11-02T17:02:11.437Z" hostname="firefox" tests="3" failures="0" skipped="0" time="10.719" errors="0">
<testcase name="Authentication Tests › should show login form elements" classname="authentication/auth-elements.spec.ts" time="4.876">
</testcase>
<testcase name="Authentication Tests › should show register form elements" classname="authentication/auth-elements.spec.ts" time="2.485">
</testcase>
<testcase name="Authentication Tests › should show Google Auth button" classname="authentication/auth-elements.spec.ts" time="3.358">
</testcase>
</testsuite>
<testsuite name="forms/form-validation.spec.ts" timestamp="2025-11-02T17:02:11.437Z" hostname="firefox" tests="3" failures="0" skipped="0" time="11.787" errors="0">
<testcase name="Form Validation Tests › should handle form validation on login page" classname="forms/form-validation.spec.ts" time="3.565">
</testcase>
<testcase name="Form Validation Tests › should handle form validation on register page" classname="forms/form-validation.spec.ts" time="4.449">
</testcase>
<testcase name="Form Validation Tests › should show password visibility toggle" classname="forms/form-validation.spec.ts" time="3.773">
</testcase>
</testsuite>
<testsuite name="navigation/navigation.spec.ts" timestamp="2025-11-02T17:02:11.437Z" hostname="firefox" tests="6" failures="0" skipped="0" time="16.301" errors="0">
<testcase name="Navigation Tests › should load home page with correct content" classname="navigation/navigation.spec.ts" time="1.875">
</testcase>
<testcase name="Navigation Tests › should navigate to login page" classname="navigation/navigation.spec.ts" time="2.261">
</testcase>
<testcase name="Navigation Tests › should navigate to register page" classname="navigation/navigation.spec.ts" time="2.562">
</testcase>
<testcase name="Navigation Tests › should show navbar with correct elements" classname="navigation/navigation.spec.ts" time="1.629">
</testcase>
<testcase name="Navigation Tests › should handle navigation between pages" classname="navigation/navigation.spec.ts" time="3.947">
</testcase>
<testcase name="Navigation Tests › should show responsive mobile menu" classname="navigation/navigation.spec.ts" time="4.027">
</testcase>
</testsuite>
<testsuite name="search/card-navigation-not-found.spec.ts" timestamp="2025-11-02T17:02:11.437Z" hostname="firefox" tests="1" failures="0" skipped="0" time="4.501" errors="0">
<testcase name="Search/Recommendation card navigation › clicking a music card navigates to /songs/:id and shows not-found" classname="search/card-navigation-not-found.spec.ts" time="4.501">
</testcase>
</testsuite>
<testsuite name="setup/wizard.spec.ts" timestamp="2025-11-02T17:02:11.437Z" hostname="firefox" tests="1" failures="0" skipped="0" time="3.869" errors="0">
<testcase name="Setup Wizard › completes steps 1-4 with API stubs" classname="setup/wizard.spec.ts" time="3.869">
</testcase>
</testsuite>
<testsuite name="auth/login-mock.spec.ts" timestamp="2025-11-02T17:02:11.437Z" hostname="webkit" tests="1" failures="0" skipped="0" time="2.064" errors="0">
<testcase name="Login (mocked) and account access › shows account page for authenticated user via storage state" classname="auth/login-mock.spec.ts" time="2.064">
</testcase>
</testsuite>
<testsuite name="auth/logout.spec.ts" timestamp="2025-11-02T17:02:11.437Z" hostname="webkit" tests="1" failures="0" skipped="0" time="4.495" errors="0">
<testcase name="Logout flow › logs out and redirects to home with navbar unauthenticated" classname="auth/logout.spec.ts" time="4.495">
</testcase>
</testsuite>
<testsuite name="auth/protected-route.spec.ts" timestamp="2025-11-02T17:02:11.437Z" hostname="webkit" tests="1" failures="0" skipped="0" time="3.186" errors="0">
<testcase name="Protected route access control › redirects unauthenticated visitor from account to login" classname="auth/protected-route.spec.ts" time="3.186">
</testcase>
</testsuite>
<testsuite name="authentication/auth-elements.spec.ts" timestamp="2025-11-02T17:02:11.437Z" hostname="webkit" tests="3" failures="0" skipped="0" time="7.444" errors="0">
<testcase name="Authentication Tests › should show login form elements" classname="authentication/auth-elements.spec.ts" time="3.184">
</testcase>
<testcase name="Authentication Tests › should show register form elements" classname="authentication/auth-elements.spec.ts" time="1.975">
</testcase>
<testcase name="Authentication Tests › should show Google Auth button" classname="authentication/auth-elements.spec.ts" time="2.285">
</testcase>
</testsuite>
<testsuite name="forms/form-validation.spec.ts" timestamp="2025-11-02T17:02:11.437Z" hostname="webkit" tests="3" failures="0" skipped="0" time="9.127" errors="0">
<testcase name="Form Validation Tests › should handle form validation on login page" classname="forms/form-validation.spec.ts" time="2.317">
</testcase>
<testcase name="Form Validation Tests › should handle form validation on register page" classname="forms/form-validation.spec.ts" time="3.765">
</testcase>
<testcase name="Form Validation Tests › should show password visibility toggle" classname="forms/form-validation.spec.ts" time="3.045">
</testcase>
</testsuite>
<testsuite name="navigation/navigation.spec.ts" timestamp="2025-11-02T17:02:11.437Z" hostname="webkit" tests="6" failures="0" skipped="0" time="13.853" errors="0">
<testcase name="Navigation Tests › should load home page with correct content" classname="navigation/navigation.spec.ts" time="1.48">
</testcase>
<testcase name="Navigation Tests › should navigate to login page" classname="navigation/navigation.spec.ts" time="1.855">
</testcase>
<testcase name="Navigation Tests › should navigate to register page" classname="navigation/navigation.spec.ts" time="2.041">
</testcase>
<testcase name="Navigation Tests › should show navbar with correct elements" classname="navigation/navigation.spec.ts" time="1.369">
</testcase>
<testcase name="Navigation Tests › should handle navigation between pages" classname="navigation/navigation.spec.ts" time="3.324">
</testcase>
<testcase name="Navigation Tests › should show responsive mobile menu" classname="navigation/navigation.spec.ts" time="3.784">
</testcase>
</testsuite>
<testsuite name="search/card-navigation-not-found.spec.ts" timestamp="2025-11-02T17:02:11.437Z" hostname="webkit" tests="1" failures="0" skipped="0" time="3.619" errors="0">
<testcase name="Search/Recommendation card navigation › clicking a music card navigates to /songs/:id and shows not-found" classname="search/card-navigation-not-found.spec.ts" time="3.619">
</testcase>
</testsuite>
<testsuite name="setup/wizard.spec.ts" timestamp="2025-11-02T17:02:11.437Z" hostname="webkit" tests="1" failures="0" skipped="1" time="0.008" errors="0">
<testcase name="Setup Wizard › completes steps 1-4 with API stubs" classname="setup/wizard.spec.ts" time="0.008">
<properties>
<property name="skip" value="Skipping on WebKit pending stabilization of setup redirects">
</property>
</properties>
<skipped>
</skipped>
</testcase>
</testsuite>
<testsuite name="auth/login-mock.spec.ts" timestamp="2025-11-02T17:02:11.437Z" hostname="Mobile Chrome" tests="1" failures="0" skipped="0" time="1.211" errors="0">
<testcase name="Login (mocked) and account access › shows account page for authenticated user via storage state" classname="auth/login-mock.spec.ts" time="1.211">
</testcase>
</testsuite>
<testsuite name="auth/logout.spec.ts" timestamp="2025-11-02T17:02:11.437Z" hostname="Mobile Chrome" tests="1" failures="0" skipped="0" time="2.591" errors="0">
<testcase name="Logout flow › logs out and redirects to home with navbar unauthenticated" classname="auth/logout.spec.ts" time="2.591">
</testcase>
</testsuite>
<testsuite name="auth/protected-route.spec.ts" timestamp="2025-11-02T17:02:11.437Z" hostname="Mobile Chrome" tests="1" failures="0" skipped="0" time="1.454" errors="0">
<testcase name="Protected route access control › redirects unauthenticated visitor from account to login" classname="auth/protected-route.spec.ts" time="1.454">
</testcase>
</testsuite>
<testsuite name="authentication/auth-elements.spec.ts" timestamp="2025-11-02T17:02:11.437Z" hostname="Mobile Chrome" tests="3" failures="0" skipped="0" time="3.509" errors="0">
<testcase name="Authentication Tests › should show login form elements" classname="authentication/auth-elements.spec.ts" time="1.084">
</testcase>
<testcase name="Authentication Tests › should show register form elements" classname="authentication/auth-elements.spec.ts" time="1.203">
</testcase>
<testcase name="Authentication Tests › should show Google Auth button" classname="authentication/auth-elements.spec.ts" time="1.222">
</testcase>
</testsuite>
<testsuite name="forms/form-validation.spec.ts" timestamp="2025-11-02T17:02:11.437Z" hostname="Mobile Chrome" tests="3" failures="0" skipped="0" time="5.428" errors="0">
<testcase name="Form Validation Tests › should handle form validation on login page" classname="forms/form-validation.spec.ts" time="1.39">
</testcase>
<testcase name="Form Validation Tests › should handle form validation on register page" classname="forms/form-validation.spec.ts" time="2.295">
</testcase>
<testcase name="Form Validation Tests › should show password visibility toggle" classname="forms/form-validation.spec.ts" time="1.743">
</testcase>
</testsuite>
<testsuite name="navigation/navigation.spec.ts" timestamp="2025-11-02T17:02:11.437Z" hostname="Mobile Chrome" tests="6" failures="0" skipped="0" time="8.221" errors="0">
<testcase name="Navigation Tests › should load home page with correct content" classname="navigation/navigation.spec.ts" time="0.904">
</testcase>
<testcase name="Navigation Tests › should navigate to login page" classname="navigation/navigation.spec.ts" time="0.705">
</testcase>
<testcase name="Navigation Tests › should navigate to register page" classname="navigation/navigation.spec.ts" time="0.902">
</testcase>
<testcase name="Navigation Tests › should show navbar with correct elements" classname="navigation/navigation.spec.ts" time="1.049">
</testcase>
<testcase name="Navigation Tests › should handle navigation between pages" classname="navigation/navigation.spec.ts" time="1.96">
</testcase>
<testcase name="Navigation Tests › should show responsive mobile menu" classname="navigation/navigation.spec.ts" time="2.701">
</testcase>
</testsuite>
<testsuite name="search/card-navigation-not-found.spec.ts" timestamp="2025-11-02T17:02:11.437Z" hostname="Mobile Chrome" tests="1" failures="0" skipped="0" time="3.991" errors="0">
<testcase name="Search/Recommendation card navigation › clicking a music card navigates to /songs/:id and shows not-found" classname="search/card-navigation-not-found.spec.ts" time="3.991">
</testcase>
</testsuite>
<testsuite name="setup/wizard.spec.ts" timestamp="2025-11-02T17:02:11.437Z" hostname="Mobile Chrome" tests="1" failures="0" skipped="0" time="3.038" errors="0">
<testcase name="Setup Wizard › completes steps 1-4 with API stubs" classname="setup/wizard.spec.ts" time="3.038">
</testcase>
</testsuite>
<testsuite name="auth/login-mock.spec.ts" timestamp="2025-11-02T17:02:11.437Z" hostname="Mobile Safari" tests="1" failures="0" skipped="0" time="1.356" errors="0">
<testcase name="Login (mocked) and account access › shows account page for authenticated user via storage state" classname="auth/login-mock.spec.ts" time="1.356">
</testcase>
</testsuite>
<testsuite name="auth/logout.spec.ts" timestamp="2025-11-02T17:02:11.437Z" hostname="Mobile Safari" tests="1" failures="0" skipped="0" time="3.088" errors="0">
<testcase name="Logout flow › logs out and redirects to home with navbar unauthenticated" classname="auth/logout.spec.ts" time="3.088">
</testcase>
</testsuite>
<testsuite name="auth/protected-route.spec.ts" timestamp="2025-11-02T17:02:11.437Z" hostname="Mobile Safari" tests="1" failures="0" skipped="0" time="2.126" errors="0">
<testcase name="Protected route access control › redirects unauthenticated visitor from account to login" classname="auth/protected-route.spec.ts" time="2.126">
</testcase>
</testsuite>
<testsuite name="authentication/auth-elements.spec.ts" timestamp="2025-11-02T17:02:11.437Z" hostname="Mobile Safari" tests="3" failures="0" skipped="0" time="5.571" errors="0">
<testcase name="Authentication Tests › should show login form elements" classname="authentication/auth-elements.spec.ts" time="1.757">
</testcase>
<testcase name="Authentication Tests › should show register form elements" classname="authentication/auth-elements.spec.ts" time="1.991">
</testcase>
<testcase name="Authentication Tests › should show Google Auth button" classname="authentication/auth-elements.spec.ts" time="1.823">
</testcase>
</testsuite>
<testsuite name="forms/form-validation.spec.ts" timestamp="2025-11-02T17:02:11.437Z" hostname="Mobile Safari" tests="3" failures="0" skipped="0" time="6.772" errors="0">
<testcase name="Form Validation Tests › should handle form validation on login page" classname="forms/form-validation.spec.ts" time="1.859">
</testcase>
<testcase name="Form Validation Tests › should handle form validation on register page" classname="forms/form-validation.spec.ts" time="2.463">
</testcase>
<testcase name="Form Validation Tests › should show password visibility toggle" classname="forms/form-validation.spec.ts" time="2.45">
</testcase>
</testsuite>
<testsuite name="navigation/navigation.spec.ts" timestamp="2025-11-02T17:02:11.437Z" hostname="Mobile Safari" tests="6" failures="0" skipped="0" time="10.566" errors="0">
<testcase name="Navigation Tests › should load home page with correct content" classname="navigation/navigation.spec.ts" time="0.985">
</testcase>
<testcase name="Navigation Tests › should navigate to login page" classname="navigation/navigation.spec.ts" time="1.244">
</testcase>
<testcase name="Navigation Tests › should navigate to register page" classname="navigation/navigation.spec.ts" time="1.415">
</testcase>
<testcase name="Navigation Tests › should show navbar with correct elements" classname="navigation/navigation.spec.ts" time="1.316">
</testcase>
<testcase name="Navigation Tests › should handle navigation between pages" classname="navigation/navigation.spec.ts" time="2.648">
</testcase>
<testcase name="Navigation Tests › should show responsive mobile menu" classname="navigation/navigation.spec.ts" time="2.958">
</testcase>
</testsuite>
<testsuite name="search/card-navigation-not-found.spec.ts" timestamp="2025-11-02T17:02:11.437Z" hostname="Mobile Safari" tests="1" failures="0" skipped="0" time="3.311" errors="0">
<testcase name="Search/Recommendation card navigation › clicking a music card navigates to /songs/:id and shows not-found" classname="search/card-navigation-not-found.spec.ts" time="3.311">
</testcase>
</testsuite>
<testsuite name="setup/wizard.spec.ts" timestamp="2025-11-02T17:02:11.437Z" hostname="Mobile Safari" tests="1" failures="0" skipped="1" time="0.001" errors="0">
<testcase name="Setup Wizard › completes steps 1-4 with API stubs" classname="setup/wizard.spec.ts" time="0.001">
<properties>
<property name="skip" value="Skipping on WebKit pending stabilization of setup redirects">
</property>
</properties>
<skipped>
</skipped>
</testcase>
</testsuite>
</testsuites>